[09-Nov-2023 12:01:28] - post inside Data : Array
(
    [_wpnonce] => 83c92fc3e5
    [_wp_http_referer] => /wp-admin/post.php?post=65610&action=edit
    [user_ID] => 4
    [action] => editpost
    [originalaction] => editpost
    [post_type] => post
    [original_post_status] => publish
    [referredby] => 
    [_wp_original_http_referer] => 
    [post_ID] => 65610
    [meta-box-order-nonce] => cde782a98c
    [closedpostboxesnonce] => ffe57673ba
    [samplepermalinknonce] => 9f2747252e
    [_acf_screen] => post
    [_acf_post_id] => 65610
    [_acf_validation] => 1
    [_acf_nonce] => 
    [_acf_changed] => 0
    [acf] => Array
        (
            [field_653b5d9f46c30] => 0
        )

    [scaip_metabox_nonce] => a3e33bcc62
    [aioseo-post-settings] => {\"context\":\"post\",\"tags\":{\"title\":\"#post_title #separator_sa #site_title\",\"description\":\"#post_excerpt\"},\"id\":65610,\"priority\":\"default\",\"frequency\":\"default\",\"permalink\":\"https://psychotats.com/dev-test-new-post/\",\"editlink\":\"https://psychotats.com/wp-admin/post.php?post=65610&amp;action=edit\",\"title\":\"#post_title #separator_sa #site_title\",\"description\":\"#post_excerpt\",\"descriptionIncludeCustomFields\":true,\"keywords\":\"[]\",\"keyphrases\":{\"focus\":{\"keyphrase\":\"\",\"score\":0,\"analysis\":{\"keyphraseInTitle\":{\"score\":0,\"maxScore\":9,\"error\":1}}},\"additional\":[]},\"page_analysis\":{\"analysis\":{\"basic\":{\"metadescriptionLength\":{\"title\":\"Meta description length\",\"description\":\"The meta description is over 160 characters.\",\"score\":6,\"maxScore\":9,\"error\":1},\"lengthContent\":{\"title\":\"Content length\",\"description\":\"This is far below the recommended minimum of words.\",\"score\":-10,\"maxScore\":9,\"error\":1},\"isInternalLink\":{\"title\":\"Internal links\",\"description\":\"We couldn\'t find any internal links in your content. Add internal links in your content.\",\"score\":3,\"maxScore\":9,\"error\":1},\"isExternalLink\":{\"title\":\"External links\",\"description\":\"No outbound links were found. Link out to external resources.\",\"score\":3,\"maxScore\":9,\"error\":1},\"errors\":4},\"title\":{\"titleLength\":{\"title\":\"SEO Title length\",\"description\":\"The title is too short.\",\"score\":6,\"maxScore\":9,\"error\":1},\"errors\":1},\"readability\":{\"contentHasAssets\":{\"error\":0,\"title\":\"Images/videos in content\",\"description\":\"Your content contains images and/or video(s).\",\"score\":5,\"maxScore\":5},\"paragraphLength\":{\"title\":\"Paragraphs length\",\"description\":\"You are using short paragraphs.\",\"score\":5,\"maxScore\":5,\"error\":0},\"sentenceLength\":{\"title\":\"Sentences length\",\"description\":\"50% of the sentences contain more than 20 words, which is more than the recommended maximum of 25%. Try to shorten the sentences.\",\"score\":6,\"maxScore\":9,\"error\":1},\"passiveVoice\":{\"title\":\"Passive voice\",\"description\":\"You\'re using enough active voice. That\'s great!\",\"score\":9,\"maxScore\":9,\"error\":0},\"transitionWords\":{\"title\":\"Transition words\",\"description\":\"None of the sentences contain transition words. Use some.\",\"score\":3,\"maxScore\":9,\"error\":1},\"consecutiveSentences\":{\"title\":\"Consecutive sentences\",\"description\":\"There is enough variety in your sentences. That\'s great!\",\"score\":9,\"maxScore\":9,\"error\":0},\"subheadingsDistribution\":{\"title\":\"Subheading distribution\",\"description\":\"Great job!\",\"score\":9,\"maxScore\":9,\"error\":0},\"calculateFleschReading\":{\"title\":\"Flesch reading ease\",\"description\":\"The copy scores 86.2 in the test, which is considered easy to read.\",\"score\":9,\"maxScore\":9,\"error\":0},\"errors\":2}}},\"loading\":{\"focus\":false,\"additional\":[]},\"type\":\"Post\",\"postType\":\"post\",\"postStatus\":\"publish\",\"isSpecialPage\":false,\"isHomePage\":false,\"isWooCommercePageWithoutSchema\":false,\"seo_score\":65,\"pillar_content\":false,\"canonicalUrl\":null,\"default\":true,\"noindex\":false,\"noarchive\":false,\"nosnippet\":false,\"nofollow\":false,\"noimageindex\":false,\"noodp\":false,\"notranslate\":false,\"maxSnippet\":-1,\"maxVideoPreview\":-1,\"maxImagePreview\":\"large\",\"modalOpen\":false,\"generalMobilePrev\":false,\"socialMobilePreview\":false,\"og_object_type\":\"default\",\"og_title\":null,\"og_description\":null,\"og_image_custom_url\":null,\"og_image_custom_fields\":null,\"og_image_type\":\"default\",\"og_video\":\"\",\"og_article_section\":\"\",\"og_article_tags\":\"[]\",\"twitter_use_og\":false,\"twitter_card\":\"default\",\"twitter_image_custom_url\":null,\"twitter_image_custom_fields\":null,\"twitter_image_type\":\"default\",\"twitter_title\":null,\"twitter_description\":null,\"schema\":{\"blockGraphs\":[],\"customGraphs\":[],\"default\":{\"data\":{\"Article\":[],\"Course\":[],\"Dataset\":[],\"FAQPage\":[],\"Movie\":[],\"Person\":[],\"Product\":[],\"Recipe\":[],\"Service\":[],\"SoftwareApplication\":[],\"WebPage\":[]},\"graphName\":\"BlogPosting\",\"isEnabled\":true},\"graphs\":[]},\"metaDefaults\":{\"title\":\"#post_title #separator_sa #site_title\",\"description\":\"#post_excerpt\"},\"linkAssistant\":{\"modalOpen\":false},\"limit_modified_date\":false,\"redirects\":{\"modalOpen\":false},\"options\":{\"linkFormat\":{\"internalLinkCount\":0,\"linkAssistantDismissed\":false},\"primaryTerm\":{\"productEducationDismissed\":false}}}
    [PostSettingsNonce] => f7241954c3
    [previewGeneralIsMobile] => on
    [yoast_free_metabox_nonce] => e5d0f098a7
    [yoast_wpseo_focuskw] => 
    [yoast_wpseo_title] => 
    [yoast_wpseo_metadesc] => 
    [yoast_wpseo_linkdex] => -1207
    [yoast_wpseo_content_score] => 90
    [yoast_wpseo_inclusive_language_score] => 0
    [yoast_wpseo_is_cornerstone] => false
    [yoast_wpseo_estimated-reading-time-minutes] => 2
    [yoast_wpseo_meta-robots-noindex] => 0
    [yoast_wpseo_meta-robots-nofollow] => 0
    [yoast_wpseo_meta-robots-adv] => 
    [yoast_wpseo_bctitle] => 
    [yoast_wpseo_canonical] => 
    [yoast_wpseo_wordproof_timestamp] => 
    [yoast_wpseo_schema_page_type] => 
    [yoast_wpseo_schema_article_type] => 
    [yoast_wpseo_opengraph-title] => 
    [yoast_wpseo_opengraph-description] => 
    [yoast_wpseo_opengraph-image] => 
    [yoast_wpseo_opengraph-image-id] => 
    [yoast_wpseo_twitter-title] => 
    [yoast_wpseo_twitter-description] => 
    [yoast_wpseo_twitter-image] => 
    [yoast_wpseo_twitter-image-id] => 
    [yoast_wpseo_primary_category_term] => 1
    [yoast_wpseo_primary_category_nonce] => 83e7346e12
    [screen] => mobile
    [heateor_sss_meta_nonce] => d33a52220f
    [pinterest_board] => 1109081914423845557
    [pinterestBoardName] => New dev test
    [comment_status] => open
    [ping_status] => open
    [post_author] => 4
    [post_mime_type] => 
    [ID] => 65610
    [post_status] => publish
)

[09-Nov-2023 12:01:28] - Result pin array for post : Array
(
    [0] => Array
        (
            [post_id] => 65610
            [heading] => two kinds of people (New Post Test)
            [slug] => two-kinds-of-people-new-post-test
            [imageURL] => https://psychotats.com/wp-content/uploads/2023/10/Arlin-Ffrench.jpg
            [pinterestBoard] => 1109081914423845557
            [pinterest_board_name] => New dev test
            [text] => two kinds of people (New Post Test)two kinds of people (New Post Test)two kinds of people (New Post Test)two kinds of people (New Post Test)two kinds of people (New Post Test)two kinds of people (New Post Test)two kinds of people
            [processing_unixTime] => 1699531287
            [processing_time] => 2023-11-09 12:01:27
        )

    [1] => Array
        (
            [post_id] => 65610
            [heading] => wo kinds of people New Post 
            [slug] => wo-kinds-of-people-new-post
            [imageURL] => https://psychotats.com/wp-content/uploads/2023/10/vivienne-saoki.webp
            [pinterestBoard] => 1109081914423845557
            [pinterest_board_name] => New dev test
            [text] => wo kinds of people New Post wo kinds of people New Post  wo kinds of people New Post wo kinds of people New Post wo kinds of people New Post wo kinds of people New Post  wo kinds of people New Post wo kinds of people New Post
            [processing_unixTime] => 1699531467
            [processing_time] => 2023-11-09 12:04:27
        )

    [2] => Array
        (
            [post_id] => 65610
            [heading] => checking for duplicate pin
            [slug] => checking-for-duplicate-pin
            [imageURL] => https://psychotats.com/wp-content/uploads/2023/11/img.png
            [pinterestBoard] => 1109081914423845557
            [pinterest_board_name] => New dev test
            [text] => wo kinds of people New Post wo kinds of people New Post  wo kinds of people New Post wo kinds of people New Post wo kinds of people New Post wo kinds of people New Post  wo kinds of people New Post wo kinds of people New Post
            [processing_unixTime] => 1699531647
            [processing_time] => 2023-11-09 12:07:27
        )

)

[09-Nov-2023 12:02:34] - post inside Data : Array
(
    [_wpnonce] => 83c92fc3e5
    [_wp_http_referer] => /wp-admin/post.php?post=65610&action=edit
    [user_ID] => 4
    [action] => editpost
    [originalaction] => editpost
    [post_type] => post
    [original_post_status] => publish
    [referredby] => 
    [_wp_original_http_referer] => 
    [post_ID] => 65610
    [meta-box-order-nonce] => cde782a98c
    [closedpostboxesnonce] => ffe57673ba
    [samplepermalinknonce] => 9f2747252e
    [_acf_screen] => post
    [_acf_post_id] => 65610
    [_acf_validation] => 1
    [_acf_nonce] => 
    [_acf_changed] => 0
    [acf] => Array
        (
            [field_653b5d9f46c30] => 0
        )

    [scaip_metabox_nonce] => a3e33bcc62
    [aioseo-post-settings] => {\"context\":\"post\",\"tags\":{\"title\":\"#post_title #separator_sa #site_title\",\"description\":\"#post_excerpt\"},\"id\":65610,\"priority\":\"default\",\"frequency\":\"default\",\"permalink\":\"https://psychotats.com/dev-test-new-post/\",\"editlink\":\"https://psychotats.com/wp-admin/post.php?post=65610&amp;action=edit\",\"title\":\"#post_title #separator_sa #site_title\",\"description\":\"#post_excerpt\",\"descriptionIncludeCustomFields\":true,\"keywords\":\"[]\",\"keyphrases\":{\"focus\":{\"keyphrase\":\"\",\"score\":0,\"analysis\":{\"keyphraseInTitle\":{\"score\":0,\"maxScore\":9,\"error\":1}}},\"additional\":[]},\"page_analysis\":{\"analysis\":{\"basic\":{\"metadescriptionLength\":{\"title\":\"Meta description length\",\"description\":\"The meta description is over 160 characters.\",\"score\":6,\"maxScore\":9,\"error\":1},\"lengthContent\":{\"title\":\"Content length\",\"description\":\"The content is below the minimum of words. Add more content.\",\"score\":3,\"maxScore\":9,\"error\":1},\"isInternalLink\":{\"title\":\"Internal links\",\"description\":\"We couldn\'t find any internal links in your content. Add internal links in your content.\",\"score\":3,\"maxScore\":9,\"error\":1},\"isExternalLink\":{\"title\":\"External links\",\"description\":\"No outbound links were found. Link out to external resources.\",\"score\":3,\"maxScore\":9,\"error\":1},\"errors\":4},\"title\":{\"titleLength\":{\"title\":\"SEO Title length\",\"description\":\"The title is too short.\",\"score\":6,\"maxScore\":9,\"error\":1},\"errors\":1},\"readability\":{\"contentHasAssets\":{\"error\":0,\"title\":\"Images/videos in content\",\"description\":\"Your content contains images and/or video(s).\",\"score\":5,\"maxScore\":5},\"paragraphLength\":{\"title\":\"Paragraphs length\",\"description\":\"You are using short paragraphs.\",\"score\":5,\"maxScore\":5,\"error\":0},\"sentenceLength\":{\"title\":\"Sentences length\",\"description\":\"50% of the sentences contain more than 20 words, which is more than the recommended maximum of 25%. Try to shorten the sentences.\",\"score\":6,\"maxScore\":9,\"error\":1},\"passiveVoice\":{\"title\":\"Passive voice\",\"description\":\"You\'re using enough active voice. That\'s great!\",\"score\":9,\"maxScore\":9,\"error\":0},\"transitionWords\":{\"title\":\"Transition words\",\"description\":\"None of the sentences contain transition words. Use some.\",\"score\":3,\"maxScore\":9,\"error\":1},\"consecutiveSentences\":{\"title\":\"Consecutive sentences\",\"description\":\"There is enough variety in your sentences. That\'s great!\",\"score\":9,\"maxScore\":9,\"error\":0},\"subheadingsDistribution\":{\"title\":\"Subheading distribution\",\"description\":\"Great job!\",\"score\":9,\"maxScore\":9,\"error\":0},\"calculateFleschReading\":{\"title\":\"Flesch reading ease\",\"description\":\"The copy scores 86.7 in the test, which is considered easy to read.\",\"score\":9,\"maxScore\":9,\"error\":0},\"errors\":2}}},\"loading\":{\"focus\":false,\"additional\":[]},\"type\":\"Post\",\"postType\":\"post\",\"postStatus\":\"publish\",\"isSpecialPage\":false,\"isHomePage\":false,\"isWooCommercePageWithoutSchema\":false,\"seo_score\":65,\"pillar_content\":false,\"canonicalUrl\":null,\"default\":true,\"noindex\":false,\"noarchive\":false,\"nosnippet\":false,\"nofollow\":false,\"noimageindex\":false,\"noodp\":false,\"notranslate\":false,\"maxSnippet\":-1,\"maxVideoPreview\":-1,\"maxImagePreview\":\"large\",\"modalOpen\":false,\"generalMobilePrev\":false,\"socialMobilePreview\":false,\"og_object_type\":\"default\",\"og_title\":null,\"og_description\":null,\"og_image_custom_url\":null,\"og_image_custom_fields\":null,\"og_image_type\":\"default\",\"og_video\":\"\",\"og_article_section\":\"\",\"og_article_tags\":\"[]\",\"twitter_use_og\":false,\"twitter_card\":\"default\",\"twitter_image_custom_url\":null,\"twitter_image_custom_fields\":null,\"twitter_image_type\":\"default\",\"twitter_title\":null,\"twitter_description\":null,\"schema\":{\"blockGraphs\":[],\"customGraphs\":[],\"default\":{\"data\":{\"Article\":[],\"Course\":[],\"Dataset\":[],\"FAQPage\":[],\"Movie\":[],\"Person\":[],\"Product\":[],\"Recipe\":[],\"Service\":[],\"SoftwareApplication\":[],\"WebPage\":[]},\"graphName\":\"BlogPosting\",\"isEnabled\":true},\"graphs\":[]},\"metaDefaults\":{\"title\":\"#post_title #separator_sa #site_title\",\"description\":\"#post_excerpt\"},\"linkAssistant\":{\"modalOpen\":false},\"limit_modified_date\":false,\"redirects\":{\"modalOpen\":false},\"options\":{\"linkFormat\":{\"internalLinkCount\":0,\"linkAssistantDismissed\":false},\"primaryTerm\":{\"productEducationDismissed\":false}}}
    [PostSettingsNonce] => f7241954c3
    [previewGeneralIsMobile] => on
    [yoast_free_metabox_nonce] => e5d0f098a7
    [yoast_wpseo_focuskw] => 
    [yoast_wpseo_title] => 
    [yoast_wpseo_metadesc] => 
    [yoast_wpseo_linkdex] => -1191
    [yoast_wpseo_content_score] => 60
    [yoast_wpseo_inclusive_language_score] => 0
    [yoast_wpseo_is_cornerstone] => false
    [yoast_wpseo_estimated-reading-time-minutes] => 2
    [yoast_wpseo_meta-robots-noindex] => 0
    [yoast_wpseo_meta-robots-nofollow] => 0
    [yoast_wpseo_meta-robots-adv] => 
    [yoast_wpseo_bctitle] => 
    [yoast_wpseo_canonical] => 
    [yoast_wpseo_wordproof_timestamp] => 
    [yoast_wpseo_schema_page_type] => 
    [yoast_wpseo_schema_article_type] => 
    [yoast_wpseo_opengraph-title] => 
    [yoast_wpseo_opengraph-description] => 
    [yoast_wpseo_opengraph-image] => 
    [yoast_wpseo_opengraph-image-id] => 
    [yoast_wpseo_twitter-title] => 
    [yoast_wpseo_twitter-description] => 
    [yoast_wpseo_twitter-image] => 
    [yoast_wpseo_twitter-image-id] => 
    [yoast_wpseo_primary_category_term] => 1
    [yoast_wpseo_primary_category_nonce] => 83e7346e12
    [screen] => mobile
    [heateor_sss_meta_nonce] => d33a52220f
    [pinterest_board] => 1109081914423845557
    [pinterestBoardName] => New dev test
    [comment_status] => open
    [ping_status] => open
    [post_author] => 4
    [post_mime_type] => 
    [ID] => 65610
    [post_status] => publish
)

[09-Nov-2023 12:02:34] - Result pin array for post : Array
(
    [0] => Array
        (
            [post_id] => 65610
            [heading] => two kinds of people (New Post Test)
            [slug] => two-kinds-of-people-new-post-test
            [imageURL] => https://psychotats.com/wp-content/uploads/2023/10/Arlin-Ffrench.jpg
            [pinterestBoard] => 1109081914423845557
            [pinterest_board_name] => New dev test
            [text] => two kinds of people (New Post Test)two kinds of people (New Post Test)two kinds of people (New Post Test)two kinds of people (New Post Test)two kinds of people (New Post Test)two kinds of people (New Post Test)two kinds of people
            [processing_unixTime] => 1699531352
            [processing_time] => 2023-11-09 12:02:32
        )

    [1] => Array
        (
            [post_id] => 65610
            [heading] => wo kinds of people New Post 
            [slug] => wo-kinds-of-people-new-post
            [imageURL] => https://psychotats.com/wp-content/uploads/2023/10/vivienne-saoki.webp
            [pinterestBoard] => 1109081914423845557
            [pinterest_board_name] => New dev test
            [text] => wo kinds of people New Post wo kinds of people New Post  wo kinds of people New Post wo kinds of people New Post wo kinds of people New Post wo kinds of people New Post  wo kinds of people New Post wo kinds of people New Post
            [processing_unixTime] => 1699531532
            [processing_time] => 2023-11-09 12:05:32
        )

    [2] => Array
        (
            [post_id] => 65610
            [heading] => checking for duplicate pin
            [slug] => checking-for-duplicate-pin
            [imageURL] => https://psychotats.com/wp-content/uploads/2023/11/img.png
            [pinterestBoard] => 1109081914423845557
            [pinterest_board_name] => New dev test
            [text] => wo kinds of people New Post wo kinds of people New Post  wo kinds of people New Post wo kinds of people New Post wo kinds of people New Post wo kinds of people New Post  wo kinds of people New Post wo kinds of people New Post
            [processing_unixTime] => 1699531712
            [processing_time] => 2023-11-09 12:08:32
        )

    [3] => Array
        (
            [post_id] => 65610
            [heading] => final check with new record
            [slug] => final-check-with-new-record
            [imageURL] => https://psychotats.com/wp-content/uploads/2023/10/@_kirilo.jpg
            [pinterestBoard] => 1109081914423845557
            [pinterest_board_name] => New dev test
            [text] => wo kinds of people New Post wo kinds of people New Post  wo kinds of people New Post wo kinds of people New Post wo kinds of people New Post wo kinds of people New Post  wo kinds of people New Post wo kinds of people New Post
            [processing_unixTime] => 1699531892
            [processing_time] => 2023-11-09 12:11:32
        )

)

